<?xml version="1.0" encoding="UTF-8"?>
<!-- Generated by org.testng.reporters.JUnitReportReporter -->
<testsuite hostname="DESKTOP-T5P5K8D" failures="0" tests="6" name="com.sony.qa.testcases.HomePageTest" time="47.670" errors="0" timestamp="2024-08-14T23:41:45 MDT" skipped="0">
  <testcase classname="com.sony.qa.testcases.HomePageTest" name="homePageTitleTest" time="6.859"/>
  <testcase classname="com.sony.qa.testcases.HomePageTest" name="verifyTotalElementInHeaderMenu" time="7.552"/>
  <testcase classname="com.sony.qa.testcases.HomePageTest" name="numberOfSuggestionInSearchForHeadset" time="9.998"/>
  <testcase classname="com.sony.qa.testcases.HomePageTest" name="totalNumberOfPaymentMethodAvailable" time="9.228"/>
  <testcase classname="com.sony.qa.testcases.HomePageTest" name="isTheirAnySpecialOfferGoingOn" time="7.128"/>
  <testcase classname="com.sony.qa.testcases.HomePageTest" name="verifySpecialOfferDetails" time="6.905"/>
</testsuite> <!-- com.sony.qa.testcases.HomePageTest -->
