<?xml version="1.0" encoding="UTF-8"?>
<!-- Generated by org.testng.reporters.JUnitReportReporter -->
<testsuite hostname="DESKTOP-T5P5K8D" failures="0" tests="6" name="com.sony.qa.testcases.HomePageTest" time="54.608" errors="0" timestamp="2024-08-14T21:32:42 MDT" skipped="0">
  <testcase classname="com.sony.qa.testcases.HomePageTest" name="homePageTitleTest" time="7.106"/>
  <testcase classname="com.sony.qa.testcases.HomePageTest" name="verifyTotalElementInHeaderMenu" time="9.115"/>
  <testcase classname="com.sony.qa.testcases.HomePageTest" name="numberOfSuggestionInSearchForHeadset" time="10.991"/>
  <testcase classname="com.sony.qa.testcases.HomePageTest" name="totalNumberOfPaymentMethodAvailable" time="13.607"/>
  <testcase classname="com.sony.qa.testcases.HomePageTest" name="isTheirAnySpecialOfferGoingOn" time="6.854"/>
  <testcase classname="com.sony.qa.testcases.HomePageTest" name="verifySpecialOfferDetails" time="6.935"/>
</testsuite> <!-- com.sony.qa.testcases.HomePageTest -->
