<?xml version="1.0" encoding="UTF-8"?>
<!-- Generated by org.testng.reporters.JUnitReportReporter -->
<testsuite hostname="DESKTOP-T5P5K8D" failures="0" tests="6" name="com.sony.qa.testcases.HomePageTest" time="55.381" errors="0" timestamp="2024-08-14T21:50:41 MDT" skipped="0">
  <testcase classname="com.sony.qa.testcases.HomePageTest" name="homePageTitleTest" time="10.700"/>
  <testcase classname="com.sony.qa.testcases.HomePageTest" name="verifyTotalElementInHeaderMenu" time="8.183"/>
  <testcase classname="com.sony.qa.testcases.HomePageTest" name="numberOfSuggestionInSearchForHeadset" time="10.647"/>
  <testcase classname="com.sony.qa.testcases.HomePageTest" name="totalNumberOfPaymentMethodAvailable" time="7.938"/>
  <testcase classname="com.sony.qa.testcases.HomePageTest" name="isTheirAnySpecialOfferGoingOn" time="8.276"/>
  <testcase classname="com.sony.qa.testcases.HomePageTest" name="verifySpecialOfferDetails" time="9.637"/>
</testsuite> <!-- com.sony.qa.testcases.HomePageTest -->
